mode: set
github.com/xHappyface/greeter/cmd/main.go:27.13,30.16 3 0
github.com/xHappyface/greeter/cmd/main.go:30.16,31.47 1 0
github.com/xHappyface/greeter/cmd/main.go:31.47,33.4 1 0
github.com/xHappyface/greeter/cmd/main.go:34.3,35.13 2 0
github.com/xHappyface/greeter/cmd/main.go:37.2,38.16 2 0
github.com/xHappyface/greeter/cmd/main.go:38.16,41.3 2 0
github.com/xHappyface/greeter/cmd/main.go:42.2,43.16 2 0
github.com/xHappyface/greeter/cmd/main.go:43.16,46.3 2 0
github.com/xHappyface/greeter/cmd/main.go:49.68,53.20 4 1
github.com/xHappyface/greeter/cmd/main.go:53.20,59.3 5 1
github.com/xHappyface/greeter/cmd/main.go:60.2,62.16 3 1
github.com/xHappyface/greeter/cmd/main.go:62.16,64.3 1 1
github.com/xHappyface/greeter/cmd/main.go:64.8,64.26 1 1
github.com/xHappyface/greeter/cmd/main.go:64.26,66.3 1 1
github.com/xHappyface/greeter/cmd/main.go:67.2,68.20 2 1
github.com/xHappyface/greeter/cmd/main.go:71.43,72.27 1 1
github.com/xHappyface/greeter/cmd/main.go:72.27,74.3 1 1
github.com/xHappyface/greeter/cmd/main.go:75.2,75.12 1 1
github.com/xHappyface/greeter/cmd/main.go:78.63,80.24 2 1
github.com/xHappyface/greeter/cmd/main.go:80.24,82.17 2 1
github.com/xHappyface/greeter/cmd/main.go:82.17,84.4 1 1
github.com/xHappyface/greeter/cmd/main.go:86.2,87.12 2 1
github.com/xHappyface/greeter/cmd/main.go:90.56,94.38 4 1
github.com/xHappyface/greeter/cmd/main.go:94.38,96.3 1 0
github.com/xHappyface/greeter/cmd/main.go:97.2,98.22 2 1
github.com/xHappyface/greeter/cmd/main.go:98.22,100.3 1 1
github.com/xHappyface/greeter/cmd/main.go:101.2,101.18 1 1
github.com/xHappyface/greeter/cmd/main.go:104.47,106.38 2 1
github.com/xHappyface/greeter/cmd/main.go:106.38,108.3 1 1
